<?xml version="1.0" encoding="UTF-8"?>
<testng-results ignored="0" total="2" passed="2" failed="0" skipped="0">
  <reporter-output>
  </reporter-output>
  <suite started-at="2021-07-29T16:57:05 IST" name="Default suite" finished-at="2021-07-29T16:57:05 IST" duration-ms="44">
    <groups>
    </groups>
    <test started-at="2021-07-29T16:57:05 IST" name="Default test" finished-at="2021-07-29T16:57:05 IST" duration-ms="44">
      <class name="com.qa.testcases.PriorityTestCase">
        <test-method signature="CheckPriority()[pri:0, instance:com.qa.testcases.PriorityTestCase@13b13b5d]" started-at="2021-07-29T16:57:05 IST" name="CheckPriority" finished-at="2021-07-29T16:57:05 IST" duration-ms="7" status="PASS">
          <reporter-output>
          </reporter-output>
        </test-method> <!-- CheckPriority -->
        <test-method signature="Priority()[pri:0, instance:com.qa.testcases.PriorityTestCase@13b13b5d]" started-at="2021-07-29T16:57:05 IST" name="Priority" finished-at="2021-07-29T16:57:05 IST" duration-ms="1" status="PASS">
          <reporter-output>
          </reporter-output>
        </test-method> <!-- Priority -->
      </class> <!-- com.qa.testcases.PriorityTestCase -->
    </test> <!-- Default test -->
  </suite> <!-- Default suite -->
</testng-results>
